<?xml version="1.0" encoding="UTF-8"?>
<testng-results skipped="0" failed="1" ignored="0" total="2" passed="1">
  <reporter-output>
  </reporter-output>
  <suite name="Regression Suite" duration-ms="15774" started-at="2023-11-18T18:28:26Z" finished-at="2023-11-18T18:28:41Z">
    <groups>
    </groups>
    <test name="TestCase" duration-ms="15774" started-at="2023-11-18T18:28:26Z" finished-at="2023-11-18T18:28:41Z">
      <class name="Prnew.TestCase">
        <test-method status="PASS" signature="setup()[pri:0, instance:Prnew.TestCase@a2f921]" name="setup" is-config="true" duration-ms="5704" started-at="2023-11-18T18:28:26Z" finished-at="2023-11-18T18:28:31Z">
          <reporter-output>
          </reporter-output>
        </test-method> <!-- setup -->
        <test-method status="FAIL" signature="jas()[pri:1, instance:Prnew.TestCase@a2f921]" name="jas" duration-ms="5488" started-at="2023-11-18T18:28:31Z" finished-at="2023-11-18T18:28:37Z">
          <exception class="java.lang.AssertionError">
            <message>
              <![CDATA[expected [true] but found [Facebook - log in or sign up]]]>
            </message>
            <full-stacktrace>
              <![CDATA[java.lang.AssertionError: expected [true] but found [Facebook - log in or sign up]
at org.testng.Assert.fail(Assert.java:96)
at org.testng.Assert.failNotEquals(Assert.java:776)
at org.testng.Assert.assertEqualsImpl(Assert.java:137)
at org.testng.Assert.assertEquals(Assert.java:118)
at org.testng.Assert.assertEquals(Assert.java:442)
at Prnew.TestCase.jas(TestCase.java:39)
at sun.reflect.NativeMethodAccessorImpl.invoke0(Native Method)
at sun.reflect.NativeMethodAccessorImpl.invoke(Unknown Source)
at sun.reflect.DelegatingMethodAccessorImpl.invoke(Unknown Source)
at java.lang.reflect.Method.invoke(Unknown Source)
at org.testng.internal.MethodInvocationHelper.invokeMethod(MethodInvocationHelper.java:124)
at org.testng.internal.Invoker.invokeMethod(Invoker.java:583)
at org.testng.internal.Invoker.invokeTestMethod(Invoker.java:719)
at org.testng.internal.Invoker.invokeTestMethods(Invoker.java:989)
at org.testng.internal.TestMethodWorker.invokeTestMethods(TestMethodWorker.java:125)
at org.testng.internal.TestMethodWorker.run(TestMethodWorker.java:109)
at org.testng.TestRunner.privateRun(TestRunner.java:648)
at org.testng.TestRunner.run(TestRunner.java:505)
at org.testng.SuiteRunner.runTest(SuiteRunner.java:455)
at org.testng.SuiteRunner.runSequentially(SuiteRunner.java:450)
at org.testng.SuiteRunner.privateRun(SuiteRunner.java:415)
at org.testng.SuiteRunner.run(SuiteRunner.java:364)
at org.testng.SuiteRunnerWorker.runSuite(SuiteRunnerWorker.java:52)
at org.testng.SuiteRunnerWorker.run(SuiteRunnerWorker.java:84)
at org.testng.TestNG.runSuitesSequentially(TestNG.java:1208)
at org.testng.TestNG.runSuitesLocally(TestNG.java:1137)
at org.testng.TestNG.runSuites(TestNG.java:1049)
at org.testng.TestNG.run(TestNG.java:1017)
at org.testng.remote.AbstractRemoteTestNG.run(AbstractRemoteTestNG.java:115)
at org.testng.remote.RemoteTestNG.initAndRun(RemoteTestNG.java:251)
at org.testng.remote.RemoteTestNG.main(RemoteTestNG.java:77)
]]>
            </full-stacktrace>
          </exception> <!-- java.lang.AssertionError -->
          <reporter-output>
          </reporter-output>
        </test-method> <!-- jas -->
        <test-method status="PASS" signature="close()[pri:0, instance:Prnew.TestCase@a2f921]" name="close" is-config="true" duration-ms="266" started-at="2023-11-18T18:28:37Z" finished-at="2023-11-18T18:28:37Z">
          <reporter-output>
          </reporter-output>
        </test-method> <!-- close -->
        <test-method status="PASS" signature="setup()[pri:0, instance:Prnew.TestCase@a2f921]" name="setup" is-config="true" duration-ms="3482" started-at="2023-11-18T18:28:37Z" finished-at="2023-11-18T18:28:41Z">
          <reporter-output>
          </reporter-output>
        </test-method> <!-- setup -->
        <test-method status="PASS" signature="hi()[pri:2, instance:Prnew.TestCase@a2f921]" name="hi" duration-ms="462" started-at="2023-11-18T18:28:41Z" finished-at="2023-11-18T18:28:41Z">
          <reporter-output>
          </reporter-output>
        </test-method> <!-- hi -->
        <test-method status="PASS" signature="close()[pri:0, instance:Prnew.TestCase@a2f921]" name="close" is-config="true" duration-ms="258" started-at="2023-11-18T18:28:41Z" finished-at="2023-11-18T18:28:41Z">
          <reporter-output>
          </reporter-output>
        </test-method> <!-- close -->
      </class> <!-- Prnew.TestCase -->
    </test> <!-- TestCase -->
  </suite> <!-- Regression Suite -->
</testng-results>
